<?xml version="1.0" encoding="UTF-8"?>
<testng-results ignored="0" total="0" passed="0" failed="0" skipped="0">
  <reporter-output>
  </reporter-output>
  <suite started-at="2021-09-16T23:00:34 PET" name="cs.Lab3.TestTranslator" finished-at="2021-09-16T23:00:34 PET" duration-ms="18">
    <groups>
    </groups>
    <test started-at="2021-09-16T23:00:34 PET" name="Command line test" finished-at="2021-09-16T23:00:34 PET" duration-ms="18">
    </test> <!-- Command line test -->
  </suite> <!-- cs.Lab3.TestTranslator -->
</testng-results>
